<?xml version="1.0" encoding="UTF-8"?>
<!-- Generated by org.testng.reporters.JUnitXMLReporter -->
<testsuite ignored="0" hostname="LAPTOP-HEGI0R39" failures="1" tests="3" name="Test" time="0.117" errors="0" timestamp="2022-05-05T23:23:18 IST">
  <testcase classname="testCases.TestCase2" name="DoUserReg" time="0.018">
    <failure type="java.lang.AssertionError" message="Execution Failed">
      <![CDATA[java.lang.AssertionError: Execution Failed
at testCases.TestCase2.DoUserReg(TestCase2.java:21)
at java.base/java.util.ArrayList.forEach(ArrayList.java:1511)
... Removed 28 stack frames]]>
    </failure>
  </testcase> <!-- DoUserReg -->
  <testcase classname="testCases.TestCase2" name="IsSkip" time="0.002">
    <skipped/>
  </testcase> <!-- IsSkip -->
  <testcase classname="testCases.TestCase2" name="doLogin" time="0.005"/>
</testsuite> <!-- Test -->
